<?xml version="1.0" encoding="UTF-8"?>
<testng-results ignored="0" total="1" passed="1" failed="0" skipped="0">
  <reporter-output>
  </reporter-output>
  <suite started-at="2020-12-27T13:15:34 EST" name="ExpTest" finished-at="2020-12-27T13:16:41 EST" duration-ms="66584">
    <groups>
    </groups>
    <test started-at="2020-12-27T13:15:34 EST" name="Adhoc" finished-at="2020-12-27T13:16:41 EST" duration-ms="66584">
      <class name="PIIT_BootCamp.Expedia.com.Expediaa">
        <test-method is-config="true" signature="beforeClass()[pri:0, instance:PIIT_BootCamp.Expedia.com.Expediaa@2abf4075]" started-at="2020-12-27T13:15:34 EST" name="beforeClass" finished-at="2020-12-27T13:15:44 EST" duration-ms="9485" status="PASS">
          <reporter-output>
          </reporter-output>
        </test-method> <!-- beforeClass -->
        <test-method signature="f()[pri:0, instance:PIIT_BootCamp.Expedia.com.Expediaa@2abf4075]" started-at="2020-12-27T13:15:44 EST" name="f" finished-at="2020-12-27T13:16:41 EST" duration-ms="57052" status="PASS">
          <reporter-output>
          </reporter-output>
        </test-method> <!-- f -->
        <test-method is-config="true" signature="afterClass()[pri:0, instance:PIIT_BootCamp.Expedia.com.Expediaa@2abf4075]" started-at="2020-12-27T13:16:41 EST" name="afterClass" finished-at="2020-12-27T13:16:41 EST" duration-ms="0" status="PASS">
          <reporter-output>
          </reporter-output>
        </test-method> <!-- afterClass -->
      </class> <!-- PIIT_BootCamp.Expedia.com.Expediaa -->
    </test> <!-- Adhoc -->
  </suite> <!-- ExpTest -->
</testng-results>
